[debug] ----------------------------------------------------------------------
[debug] Command:      C:\Program Files\nodejs\node.exe C:\Users\Me\AppData\Roaming\npm\node_modules\firebase-tools\bin\firebase deploy
[debug] CLI Version:  3.9.0
[debug] Platform:     win32
[debug] Node Version: v7.4.0
[debug] Time:         Fri May 26 2017 12:06:03 GMT-0700 (Pacific Daylight Time)
[debug] ----------------------------------------------------------------------
[debug] 
[debug] > command requires scopes: ["email","openid","https://www.googleapis.com/auth/cloudplatformprojects.readonly","https://www.googleapis.com/auth/firebase","https://www.googleapis.com/auth/cloud-platform"]
[debug] > refreshing access token with scopes: ["email","https://www.googleapis.com/auth/cloud-platform","https://www.googleapis.com/auth/cloudplatformprojects.readonly","https://www.googleapis.com/auth/firebase","openid"]
[debug] >>> HTTP REQUEST POST https://www.googleapis.com/oauth2/v3/token { refresh_token: '1/o_4g4AMjyTRdJBtVV4hJm0CwtRhFEmQ4uIxf1vrhkb4',
  client_id: '563584335869-fgrhgmd47bqnekij5i8b5pr03ho849e6.apps.googleusercontent.com',
  client_secret: 'j9iVZfS8kkCEFUPaAeJV0sAi',
  grant_type: 'refresh_token',
  scope: 'email https://www.googleapis.com/auth/cloud-platform https://www.googleapis.com/auth/cloudplatformprojects.readonly https://www.googleapis.com/auth/firebase openid' } 
 Fri May 26 2017 12:06:03 GMT-0700 (Pacific Daylight Time)
[debug] <<< HTTP RESPONSE 200
[debug] >>> HTTP REQUEST GET https://admin.firebase.com/v1/projects/webd168-felixoje  
 Fri May 26 2017 12:06:04 GMT-0700 (Pacific Daylight Time)
[debug] <<< HTTP RESPONSE 200
[debug] >>> HTTP REQUEST GET https://admin.firebase.com/v1/database/webd168-felixoje/tokens  
 Fri May 26 2017 12:06:05 GMT-0700 (Pacific Daylight Time)
[debug] <<< HTTP RESPONSE 200
[info] 
[info] === Deploying to 'webd168-felixoje'...
[info] 
[info] i  deploying hosting
[info] i  hosting: preparing  directory for upload...
[debug] >>> HTTP REQUEST PUT https://deploy.firebase.com/v1/hosting/webd168-felixoje/uploads/-Kl58h1WfehU2JHRQTEX?fileCount=104&message=  
 Fri May 26 2017 12:06:49 GMT-0700 (Pacific Daylight Time)
[debug] <<< HTTP RESPONSE 401
[debug] <<< HTTP RESPONSE BODY undefined
[debug] TypeError: Cannot read property 'error' of undefined
    at module.exports (C:\Users\Me\AppData\Roaming\npm\node_modules\firebase-tools\lib\responseToError.js:10:12)
    at Request._callback (C:\Users\Me\AppData\Roaming\npm\node_modules\firebase-tools\lib\api.js:39:25)
    at Request.self.callback (C:\Users\Me\AppData\Roaming\npm\node_modules\firebase-tools\node_modules\request\request.js:188:22)
    at emitTwo (events.js:106:13)
    at Request.emit (events.js:191:7)
    at Request.<anonymous> (C:\Users\Me\AppData\Roaming\npm\node_modules\firebase-tools\node_modules\request\request.js:1171:10)
    at emitOne (events.js:96:13)
    at Request.emit (events.js:188:7)
    at IncomingMessage.<anonymous> (C:\Users\Me\AppData\Roaming\npm\node_modules\firebase-tools\node_modules\request\request.js:1091:12)
    at Object.onceWrapper (events.js:290:19)
[error] 
[error] Error: An unexpected error has occurred.
[debug] ----------------------------------------------------------------------
[debug] Command:      C:\Program Files\nodejs\node.exe C:\Users\Me\AppData\Roaming\npm\node_modules\firebase-tools\bin\firebase deploy
[debug] CLI Version:  3.9.0
[debug] Platform:     win32
[debug] Node Version: v7.4.0
[debug] Time:         Fri May 26 2017 16:16:55 GMT-0700 (Pacific Daylight Time)
[debug] ----------------------------------------------------------------------
[debug] 
[debug] > command requires scopes: ["email","openid","https://www.googleapis.com/auth/cloudplatformprojects.readonly","https://www.googleapis.com/auth/firebase","https://www.googleapis.com/auth/cloud-platform"]
[debug] > refreshing access token with scopes: ["email","https://www.googleapis.com/auth/cloud-platform","https://www.googleapis.com/auth/cloudplatformprojects.readonly","https://www.googleapis.com/auth/firebase","openid"]
[debug] >>> HTTP REQUEST POST https://www.googleapis.com/oauth2/v3/token { refresh_token: '1/o_4g4AMjyTRdJBtVV4hJm0CwtRhFEmQ4uIxf1vrhkb4',
  client_id: '563584335869-fgrhgmd47bqnekij5i8b5pr03ho849e6.apps.googleusercontent.com',
  client_secret: 'j9iVZfS8kkCEFUPaAeJV0sAi',
  grant_type: 'refresh_token',
  scope: 'email https://www.googleapis.com/auth/cloud-platform https://www.googleapis.com/auth/cloudplatformprojects.readonly https://www.googleapis.com/auth/firebase openid' } 
 Fri May 26 2017 16:16:55 GMT-0700 (Pacific Daylight Time)
[debug] <<< HTTP RESPONSE 200
[debug] >>> HTTP REQUEST GET https://admin.firebase.com/v1/projects/webd168-felixoje  
 Fri May 26 2017 16:16:56 GMT-0700 (Pacific Daylight Time)
[debug] <<< HTTP RESPONSE 200
[debug] >>> HTTP REQUEST GET https://admin.firebase.com/v1/database/webd168-felixoje/tokens  
 Fri May 26 2017 16:16:57 GMT-0700 (Pacific Daylight Time)
[debug] <<< HTTP RESPONSE 200
[info] 
[info] === Deploying to 'webd168-felixoje'...
[info] 
[info] i  deploying hosting
[info] i  hosting: preparing  directory for upload...
[debug] >>> HTTP REQUEST PUT https://deploy.firebase.com/v1/hosting/webd168-felixoje/uploads/-Kl626bP3vYCOeMB_U75?fileCount=104&message=  
 Fri May 26 2017 16:17:39 GMT-0700 (Pacific Daylight Time)
